20231231	00:18:04	9d0f572a-3e57-495c-9bf1-0e44a33bce6a	POST	/register/getVerificationCode	http://localhost:3000
20231231	00:18:04	f98ab4a7-cd69-4e4d-a987-b011f6adfac9	OPTIONS	/register/getVerificationCode	http://localhost:3000
20231231	00:19:27	0417882b-c749-4d2f-b213-bc7716d0bbaa	OPTIONS	/register/getVerificationCode	http://localhost:3000
20231231	00:19:27	afa19d49-3228-4e2a-854a-bf6c7b5bdbd0	POST	/register/getVerificationCode	http://localhost:3000
20231231	00:22:50	a2d2f4d0-fd72-42e6-908d-40fef1a076c9	OPTIONS	/register/getVerificationCode	http://localhost:3000
20231231	00:22:50	458fd08c-bad9-4dee-9125-f4b2949052f5	POST	/register/getVerificationCode	http://localhost:3000
20231231	00:27:34	595156c2-1564-40d4-b57c-eae1a272fb46	OPTIONS	/register/getVerificationCode	http://localhost:3000
20231231	00:27:34	a3683eaa-fe99-4a3e-a0d1-4f1d63e87bd0	POST	/register/getVerificationCode	http://localhost:3000
20231231	00:29:41	405ff5fc-8fb7-46cd-993d-9d72d8a332f7	OPTIONS	/register/getVerificationCode	http://localhost:3000
20231231	00:29:41	26716782-fce5-44f9-8593-39a548689586	POST	/register/getVerificationCode	http://localhost:3000
20231231	00:32:55	38bf9f45-8fcc-40cd-89e0-d523d612041c	OPTIONS	/register/getVerificationCode	http://localhost:3000
20231231	00:32:55	616e159e-e260-46bb-a95b-70b9b8f58716	POST	/register/getVerificationCode	http://localhost:3000
20231231	00:34:48	cb2596ed-6c6f-4dcf-b4b7-a4a929f0b7e3	OPTIONS	/register/getVerificationCode	http://localhost:3000
20231231	00:35:56	458fd8be-df58-4c52-b640-9113742d8276	OPTIONS	/register/getVerificationCode	http://localhost:3000
20231231	00:35:56	25ee52fd-36a7-4e3f-9816-b486f4065902	POST	/register/getVerificationCode	http://localhost:3000
20231231	00:39:16	dbe4da21-3e45-4cf2-9820-7262c6a2110f	OPTIONS	/register/getVerificationCode	http://localhost:3000
20231231	00:39:16	32a06552-07f0-4970-a8fa-aacf4fa1dcf4	POST	/register/getVerificationCode	http://localhost:3000
20231231	00:42:10	e7822ee6-bdec-4211-b9a8-8c315109d0d9	OPTIONS	/register/getVerificationCode	http://localhost:3000
20231231	00:42:10	fe22d9e5-1318-4622-b292-29c08709a108	POST	/register/getVerificationCode	http://localhost:3000
20231231	00:45:47	6ba47ffc-755f-451e-8966-b59bfbe9f4d2	OPTIONS	/register/verifyCode	http://localhost:3000
20231231	00:59:42	8e89f34f-c07d-451e-855f-d7fa86a88976	OPTIONS	/register/getVerificationCode	http://localhost:3000
20231231	00:59:42	269d047c-7570-4386-ae57-21c062a7e07b	POST	/register/getVerificationCode	http://localhost:3000
20231231	01:00:11	e8d91c65-9d0e-4290-bc17-a465547a7d47	OPTIONS	/register/verifyCode	http://localhost:3000
20231231	01:01:10	f8e47df9-4f17-4786-9ce3-a03ea80755b8	OPTIONS	/register/getVerificationCode	http://localhost:3000
20231231	01:01:10	8a1e06fb-1b71-4ae1-a649-88a2db0494b2	POST	/register/getVerificationCode	http://localhost:3000
20231231	01:01:40	e986519d-4cc5-49af-b501-bb6dacb637f2	OPTIONS	/register/verifyCode	http://localhost:3000
20231231	01:01:40	8095446b-baa3-4dca-b536-ed2c1b9705f3	POST	/register/verifyCode	http://localhost:3000
20231231	01:03:34	a59f8a1a-98e2-46ea-8e26-422e6c06ec48	OPTIONS	/register/getVerificationCode	http://localhost:3000
20231231	01:03:34	2465064f-0e62-4bc5-9a1e-e317f49b32fa	POST	/register/getVerificationCode	http://localhost:3000
20231231	01:03:46	2f65ade0-1ddf-43a5-bc04-392e85ced49d	OPTIONS	/register/verifyCode	http://localhost:3000
20231231	01:03:46	a5b3d179-fd31-4f9b-87ce-9c06ca2ccb8d	POST	/register/verifyCode	http://localhost:3000
20231231	01:05:13	50fc3225-7dcf-4620-b361-b6e0491c9916	OPTIONS	/register/verifyCode	http://localhost:3000
20231231	01:05:13	d789e5b0-71cf-4b3d-926a-fe87ab09d6c8	POST	/register/verifyCode	http://localhost:3000
20231231	01:06:12	c85cacc2-8aa9-4a3b-94e5-1ce94d7737bb	OPTIONS	/register/getVerificationCode	http://localhost:3000
20231231	01:06:12	600cd177-ff47-46d0-a7a6-23528d1f0983	POST	/register/getVerificationCode	http://localhost:3000
20231231	01:06:21	9cfee35c-0a36-4845-8ad9-0ca499818a1a	OPTIONS	/register/verifyCode	http://localhost:3000
20231231	01:06:21	4371256d-e9ed-474f-ba2b-dcaa5235fb47	POST	/register/verifyCode	http://localhost:3000
20231231	01:07:37	c304a13d-4d4f-4711-8c68-5ece7665bcd6	OPTIONS	/register/getVerificationCode	http://localhost:3000
20231231	01:07:37	9a1c36e8-f529-4fec-80ca-bb10c88778a5	POST	/register/getVerificationCode	http://localhost:3000
20231231	01:07:58	70345d10-1b7d-4736-b481-70193e03dc5e	OPTIONS	/register/verifyCode	http://localhost:3000
20231231	01:07:58	ec1c130c-f021-4cde-a292-08fc4e93a19d	POST	/register/verifyCode	http://localhost:3000
20231231	01:12:12	07224a9c-97eb-4591-9a93-403fd68cb9c2	OPTIONS	/register/getVerificationCode	http://localhost:3000
20231231	01:12:12	76f2c002-3693-4c92-94bc-f7dc8d902031	POST	/register/getVerificationCode	http://localhost:3000
20231231	01:12:18	ef09d5f5-7362-464a-b9d0-c2ab2a337f42	OPTIONS	/register/verifyCode	http://localhost:3000
20231231	01:12:18	073838e5-60cc-459c-987f-86c2dd8d2b21	POST	/register/verifyCode	http://localhost:3000
20231231	01:12:27	a93f373f-c2b9-4460-aee8-4666da03982a	OPTIONS	/register/verifyCode	http://localhost:3000
20231231	01:12:27	ad214d73-cb87-4cb0-9e86-ee698bee600d	POST	/register/verifyCode	http://localhost:3000
20231231	01:12:28	b5de5c96-c733-45b0-a64f-e92d95a7b8b7	POST	/register/verifyCode	http://localhost:3000
20231231	01:12:29	e2345845-ea4c-403b-8280-8928da79b868	POST	/register/verifyCode	http://localhost:3000
20231231	01:12:41	87478de3-9f87-4495-853f-98611f56c14f	OPTIONS	/register/verifyCode	http://localhost:3000
20231231	01:12:41	d8be2144-7955-46e3-9a0a-49a362ba89ee	POST	/register/verifyCode	http://localhost:3000
20231231	01:13:01	930a875e-7360-494a-881b-c560e3a548bf	OPTIONS	/register	http://localhost:3000
20231231	01:13:01	42746631-f817-407b-8f4a-7de7ba17a9fb	POST	/register	http://localhost:3000
20231231	01:16:59	e24c16ea-228e-46fc-86da-4eaca50cde14	OPTIONS	/register/getVerificationCode	http://localhost:3000
20231231	01:16:59	ae6aee64-bb1c-4cb9-aae8-cc8396f32136	POST	/register/getVerificationCode	http://localhost:3000
20231231	01:17:44	7b288796-beae-48d8-b335-c849b4da05d7	OPTIONS	/register/verifyCode	http://localhost:3000
20231231	01:17:44	d261b40e-4a35-4d6b-afda-b48ce7ae3030	POST	/register/verifyCode	http://localhost:3000
20231231	01:17:52	e519de17-b225-4556-8df3-3586a1f7b223	OPTIONS	/register	http://localhost:3000
20231231	01:17:52	60ee4712-0bbf-41f5-8455-5e7f580ab7f2	POST	/register	http://localhost:3000
20231231	01:19:07	b9a3387a-54ef-492b-bdd7-1d8087f8c4b5	OPTIONS	/register/getVerificationCode	http://localhost:3000
20231231	01:19:07	ce579c05-7950-46c6-9cba-42e3a7d3a8e5	POST	/register/getVerificationCode	http://localhost:3000
20231231	01:19:22	28687666-907d-4578-9602-abded2a1ceba	OPTIONS	/register/verifyCode	http://localhost:3000
20231231	01:19:22	38db6ff3-a237-492d-8ae7-db61fcf62fa8	POST	/register/verifyCode	http://localhost:3000
20231231	01:19:30	ae1f0490-075e-4558-bdec-ab7cfa919a09	OPTIONS	/register	http://localhost:3000
20231231	01:19:30	737fcaa1-145f-4efa-ae01-56b3626fd204	POST	/register	http://localhost:3000
20231231	01:21:14	3d30a194-ecea-4d84-8582-4ba9a14ab697	OPTIONS	/register/getVerificationCode	http://localhost:3000
20231231	01:21:14	c8a6af79-2d25-43fe-b7c1-6d021bc97e6e	POST	/register/getVerificationCode	http://localhost:3000
20231231	01:21:26	7af2cbf9-7b41-41da-b107-fb0a542d93e2	OPTIONS	/register/verifyCode	http://localhost:3000
20231231	01:21:26	d15dd0d9-4bca-491a-893b-5266332065e8	POST	/register/verifyCode	http://localhost:3000
20231231	01:21:33	fb31b139-11ad-4b12-9893-c23ccb2afcf3	OPTIONS	/register	http://localhost:3000
20231231	01:21:33	112937a2-274c-48d4-ba27-ca704dee86da	POST	/register	http://localhost:3000
20231231	01:22:43	0290a6b5-3e38-4c12-8e3c-3a2b2ae3fba6	OPTIONS	/register/getVerificationCode	http://localhost:3000
20231231	01:22:43	696e6641-635b-4182-b415-0b7ffc9a81bc	POST	/register/getVerificationCode	http://localhost:3000
20231231	01:22:54	7fa2faa2-98c6-4c4a-b37d-aee9689908bd	OPTIONS	/register/verifyCode	http://localhost:3000
20231231	01:22:54	ccac32d1-bdc2-4e1f-940e-f13706177242	POST	/register/verifyCode	http://localhost:3000
20231231	01:23:01	171a7a23-f6e0-452f-858d-33d67d04fe20	OPTIONS	/register	http://localhost:3000
20231231	01:23:01	68957b4a-62d3-439e-941e-021469167c8e	POST	/register	http://localhost:3000
20231231	01:26:18	c032546d-b84e-4a23-bbf2-a93313bd8221	OPTIONS	/register/getVerificationCode	http://localhost:3000
20231231	01:26:18	d69ffc46-16da-4c72-8db3-e2ba7e14bd69	POST	/register/getVerificationCode	http://localhost:3000
20231231	01:26:29	b622819f-37a2-476e-b65a-1b4b97da7d07	OPTIONS	/register/verifyCode	http://localhost:3000
20231231	01:26:29	5a1896b4-e3d3-4088-9d2b-a966f401f346	POST	/register/verifyCode	http://localhost:3000
20231231	01:26:35	a31fc6ac-2ece-4dcf-aa80-dcc3713b6fd1	OPTIONS	/register	http://localhost:3000
20231231	01:26:35	fb5cc83a-d61e-47fd-8539-4639d030ec15	POST	/register	http://localhost:3000
20231231	19:15:19	cd6d6eee-2135-4e77-8cd9-e8a9620be9c0	OPTIONS	/register/getVerificationCode	http://localhost:3000
20231231	19:15:19	b5b964a3-8533-4eac-9511-4db00431c000	POST	/register/getVerificationCode	http://localhost:3000
20231231	19:15:57	fd149258-8e35-489d-8e00-c551c9ef9907	OPTIONS	/register/verifyCode	http://localhost:3000
20231231	19:15:57	2c48c64f-3d33-45bd-b6a9-906061aaf68f	POST	/register/verifyCode	http://localhost:3000
20231231	19:16:04	7094f07b-a94e-4a75-9662-12bd233a62dd	OPTIONS	/register	http://localhost:3000
20231231	19:16:04	ee3ddb05-a53c-4bf9-90bc-62a819ccde1a	POST	/register	http://localhost:3000
